sample.interval=20000
"paste" "sub" ".rs.doStripSurrounding" ".rs.stripSurrounding" ".rs.getAnywhere" ".rs.resolveObjectFromFunctionCall" ".rs.getCompletionsArgument" ".rs.getCompletionsFunction" ".rs.appendCompletions" ".rs.getRCompletions" ".rs.appendCompletions" "<Anonymous>" 
"ls" "FUN" "lapply" ".rs.objectsOnSearchPath" ".rs.getCompletionsSearchPath" "Reduce" "<Anonymous>" 
"unique.default" "unique" "intersect" "f" "Reduce" "<Anonymous>" 
"ls" "FUN" "lapply" ".rs.objectsOnSearchPath" ".rs.getCompletionsSearchPath" "Reduce" "<Anonymous>" 
".External" "download.file" "doTryCatch" "tryCatchOne" "tryCatchList" "tryCatch" "available.packages" ".rs.loadedPackageUpdates" "f" "doTryCatch" "tryCatchOne" "tryCatchList" "tryCatch" "withCallingHandlers" ".rs.callAs" "install.packages" 
".External" "download.file" "doTryCatch" "tryCatchOne" "tryCatchList" "tryCatch" "available.packages" ".rs.loadedPackageUpdates" "f" "doTryCatch" "tryCatchOne" "tryCatchList" "tryCatch" "withCallingHandlers" ".rs.callAs" "install.packages" 
".External" "download.file" "doTryCatch" "tryCatchOne" "tryCatchList" "tryCatch" "available.packages" ".rs.loadedPackageUpdates" "f" "doTryCatch" "tryCatchOne" "tryCatchList" "tryCatch" "withCallingHandlers" ".rs.callAs" "install.packages" 
".External" "download.file" "doTryCatch" "tryCatchOne" "tryCatchList" "tryCatch" "available.packages" ".rs.loadedPackageUpdates" "f" "doTryCatch" "tryCatchOne" "tryCatchList" "tryCatch" "withCallingHandlers" ".rs.callAs" "install.packages" 
".External" "download.file" "doTryCatch" "tryCatchOne" "tryCatchList" "tryCatch" "available.packages" ".rs.loadedPackageUpdates" "f" "doTryCatch" "tryCatchOne" "tryCatchList" "tryCatch" "withCallingHandlers" ".rs.callAs" "install.packages" 
".External" "download.file" "doTryCatch" "tryCatchOne" "tryCatchList" "tryCatch" "available.packages" ".rs.loadedPackageUpdates" "f" "doTryCatch" "tryCatchOne" "tryCatchList" "tryCatch" "withCallingHandlers" ".rs.callAs" "install.packages" 
".External" "download.file" "doTryCatch" "tryCatchOne" "tryCatchList" "tryCatch" "available.packages" ".rs.loadedPackageUpdates" "f" "doTryCatch" "tryCatchOne" "tryCatchList" "tryCatch" "withCallingHandlers" ".rs.callAs" "install.packages" 
".External" "download.file" "doTryCatch" "tryCatchOne" "tryCatchList" "tryCatch" "available.packages" ".rs.loadedPackageUpdates" "f" "doTryCatch" "tryCatchOne" "tryCatchList" "tryCatch" "withCallingHandlers" ".rs.callAs" "install.packages" 
".External" "download.file" "doTryCatch" "tryCatchOne" "tryCatchList" "tryCatch" "available.packages" ".rs.loadedPackageUpdates" "f" "doTryCatch" "tryCatchOne" "tryCatchList" "tryCatch" "withCallingHandlers" ".rs.callAs" "install.packages" 
".External" "download.file" "doTryCatch" "tryCatchOne" "tryCatchList" "tryCatch" "available.packages" ".rs.loadedPackageUpdates" "f" "doTryCatch" "tryCatchOne" "tryCatchList" "tryCatch" "withCallingHandlers" ".rs.callAs" "install.packages" 
".External" "download.file" "doTryCatch" "tryCatchOne" "tryCatchList" "tryCatch" "available.packages" ".rs.loadedPackageUpdates" "f" "doTryCatch" "tryCatchOne" "tryCatchList" "tryCatch" "withCallingHandlers" ".rs.callAs" "install.packages" 
".External" "download.file" "doTryCatch" "tryCatchOne" "tryCatchList" "tryCatch" "available.packages" ".rs.loadedPackageUpdates" "f" "doTryCatch" "tryCatchOne" "tryCatchList" "tryCatch" "withCallingHandlers" ".rs.callAs" "install.packages" 
".External" "download.file" "doTryCatch" "tryCatchOne" "tryCatchList" "tryCatch" "available.packages" ".rs.loadedPackageUpdates" "f" "doTryCatch" "tryCatchOne" "tryCatchList" "tryCatch" "withCallingHandlers" ".rs.callAs" "install.packages" 
"readRDS" "doTryCatch" "tryCatchOne" "tryCatchList" "tryCatch" "available.packages" ".rs.loadedPackageUpdates" "f" "doTryCatch" "tryCatchOne" "tryCatchList" "tryCatch" "withCallingHandlers" ".rs.callAs" "install.packages" 
"readRDS" "doTryCatch" "tryCatchOne" "tryCatchList" "tryCatch" "available.packages" ".rs.loadedPackageUpdates" "f" "doTryCatch" "tryCatchOne" "tryCatchList" "tryCatch" "withCallingHandlers" ".rs.callAs" "install.packages" 
"readRDS" "doTryCatch" "tryCatchOne" "tryCatchList" "tryCatch" "available.packages" ".rs.loadedPackageUpdates" "f" "doTryCatch" "tryCatchOne" "tryCatchList" "tryCatch" "withCallingHandlers" ".rs.callAs" "install.packages" 
"readRDS" "doTryCatch" "tryCatchOne" "tryCatchList" "tryCatch" "available.packages" ".rs.loadedPackageUpdates" "f" "doTryCatch" "tryCatchOne" "tryCatchList" "tryCatch" "withCallingHandlers" ".rs.callAs" "install.packages" 
"readRDS" "doTryCatch" "tryCatchOne" "tryCatchList" "tryCatch" "available.packages" ".rs.loadedPackageUpdates" "f" "doTryCatch" "tryCatchOne" "tryCatchList" "tryCatch" "withCallingHandlers" ".rs.callAs" "install.packages" 
"readRDS" "doTryCatch" "tryCatchOne" "tryCatchList" "tryCatch" "available.packages" ".rs.loadedPackageUpdates" "f" "doTryCatch" "tryCatchOne" "tryCatchList" "tryCatch" "withCallingHandlers" ".rs.callAs" "install.packages" 
"strsplit" "lapply" "f" "available.packages" ".rs.loadedPackageUpdates" "f" "doTryCatch" "tryCatchOne" "tryCatchList" "tryCatch" "withCallingHandlers" ".rs.callAs" "install.packages" 
"grepl" "FUN" "lapply" "f" "available.packages" ".rs.loadedPackageUpdates" "f" "doTryCatch" "tryCatchOne" "tryCatchList" "tryCatch" "withCallingHandlers" ".rs.callAs" "install.packages" 
"lapply" "f" "available.packages" ".rs.loadedPackageUpdates" "f" "doTryCatch" "tryCatchOne" "tryCatchList" "tryCatch" "withCallingHandlers" ".rs.callAs" "install.packages" 
"grepl" "FUN" "lapply" "f" "available.packages" ".rs.loadedPackageUpdates" "f" "doTryCatch" "tryCatchOne" "tryCatchList" "tryCatch" "withCallingHandlers" ".rs.callAs" "install.packages" 
"grepl" "FUN" "lapply" "f" "available.packages" ".rs.loadedPackageUpdates" "f" "doTryCatch" "tryCatchOne" "tryCatchList" "tryCatch" "withCallingHandlers" ".rs.callAs" "install.packages" 
"grepl" "FUN" "lapply" "f" "available.packages" ".rs.loadedPackageUpdates" "f" "doTryCatch" "tryCatchOne" "tryCatchList" "tryCatch" "withCallingHandlers" ".rs.callAs" "install.packages" 
"split.default" "split" "f" "available.packages" ".rs.loadedPackageUpdates" "f" "doTryCatch" "tryCatchOne" "tryCatchList" "tryCatch" "withCallingHandlers" ".rs.callAs" "install.packages" 
"sprintf" "FUN" "lapply" ".encode_numeric_version" "split" "Ops.numeric_version" ">=" "do.call" "f" "available.packages" ".rs.loadedPackageUpdates" "f" "doTryCatch" "tryCatchOne" "tryCatchList" "tryCatch" "withCallingHandlers" ".rs.callAs" "install.packages" 
".encode_numeric_version" "split" "Ops.numeric_version" ">=" "do.call" "f" "available.packages" ".rs.loadedPackageUpdates" "f" "doTryCatch" "tryCatchOne" "tryCatchList" "tryCatch" "withCallingHandlers" ".rs.callAs" "install.packages" 
"strrep" "paste0" "strlpad" "paste" "FUN" "vapply" ".encode_numeric_version" "split" "Ops.numeric_version" ">=" "do.call" "f" "available.packages" ".rs.loadedPackageUpdates" "f" "doTryCatch" "tryCatchOne" "tryCatchList" "tryCatch" "withCallingHandlers" ".rs.callAs" "install.packages" 
"paste" "FUN" "vapply" ".encode_numeric_version" "split" "Ops.numeric_version" ">=" "do.call" "f" "available.packages" ".rs.loadedPackageUpdates" "f" "doTryCatch" "tryCatchOne" "tryCatchList" "tryCatch" "withCallingHandlers" ".rs.callAs" "install.packages" 
"strrep" "paste0" "strlpad" "paste" "FUN" "vapply" ".encode_numeric_version" "split" "Ops.numeric_version" ">=" "do.call" "f" "available.packages" ".rs.loadedPackageUpdates" "f" "doTryCatch" "tryCatchOne" "tryCatchList" "tryCatch" "withCallingHandlers" ".rs.callAs" "install.packages" 
"FUN" "lapply" "sapply" "f" "available.packages" ".rs.loadedPackageUpdates" "f" "doTryCatch" "tryCatchOne" "tryCatchList" "tryCatch" "withCallingHandlers" ".rs.callAs" "install.packages" 
"unlist" "f" "available.packages" ".rs.loadedPackageUpdates" "f" "doTryCatch" "tryCatchOne" "tryCatchList" "tryCatch" "withCallingHandlers" ".rs.callAs" "install.packages" 
"gzfile" "readRDS" "doTryCatch" "tryCatchOne" "tryCatchList" "tryCatch" "try" ".readPkgDesc" "installed.packages" "utils:::getDependencies" "withCallingHandlers" "suppressWarnings" "withCallingHandlers" "suppressMessages" ".rs.loadedPackageUpdates" "f" "doTryCatch" "tryCatchOne" "tryCatchList" "tryCatch" "withCallingHandlers" ".rs.callAs" "install.packages" 
"file.access" ".readPkgDesc" "installed.packages" "utils:::getDependencies" "withCallingHandlers" "suppressWarnings" "withCallingHandlers" "suppressMessages" ".rs.loadedPackageUpdates" "f" "doTryCatch" "tryCatchOne" "tryCatchList" "tryCatch" "withCallingHandlers" ".rs.callAs" "install.packages" 
"gzfile" "readRDS" "doTryCatch" "tryCatchOne" "tryCatchList" "tryCatch" "try" ".readPkgDesc" "installed.packages" "utils:::getDependencies" "withCallingHandlers" "suppressWarnings" "withCallingHandlers" "suppressMessages" ".rs.loadedPackageUpdates" "f" "doTryCatch" "tryCatchOne" "tryCatchList" "tryCatch" "withCallingHandlers" ".rs.callAs" "install.packages" 
"gzfile" "readRDS" "doTryCatch" "tryCatchOne" "tryCatchList" "tryCatch" "try" ".readPkgDesc" "installed.packages" "utils:::getDependencies" "withCallingHandlers" "suppressWarnings" "withCallingHandlers" "suppressMessages" ".rs.loadedPackageUpdates" "f" "doTryCatch" "tryCatchOne" "tryCatchList" "tryCatch" "withCallingHandlers" ".rs.callAs" "install.packages" 
"readRDS" "available.packages" "original" "f" "doTryCatch" "tryCatchOne" "tryCatchList" "tryCatch" "withCallingHandlers" ".rs.callAs" "install.packages" 
"readRDS" "available.packages" "original" "f" "doTryCatch" "tryCatchOne" "tryCatchList" "tryCatch" "withCallingHandlers" ".rs.callAs" "install.packages" 
"readRDS" "available.packages" "original" "f" "doTryCatch" "tryCatchOne" "tryCatchList" "tryCatch" "withCallingHandlers" ".rs.callAs" "install.packages" 
"readRDS" "available.packages" "original" "f" "doTryCatch" "tryCatchOne" "tryCatchList" "tryCatch" "withCallingHandlers" ".rs.callAs" "install.packages" 
"sub" "strsplit" "lapply" "f" "available.packages" "original" "f" "doTryCatch" "tryCatchOne" "tryCatchList" "tryCatch" "withCallingHandlers" ".rs.callAs" "install.packages" 
"grepl" "FUN" "lapply" "f" "available.packages" "original" "f" "doTryCatch" "tryCatchOne" "tryCatchList" "tryCatch" "withCallingHandlers" ".rs.callAs" "install.packages" 
"grepl" "FUN" "lapply" "f" "available.packages" "original" "f" "doTryCatch" "tryCatchOne" "tryCatchList" "tryCatch" "withCallingHandlers" ".rs.callAs" "install.packages" 
"grepl" "FUN" "lapply" "f" "available.packages" "original" "f" "doTryCatch" "tryCatchOne" "tryCatchList" "tryCatch" "withCallingHandlers" ".rs.callAs" "install.packages" 
"FUN" "lapply" "f" "available.packages" "original" "f" "doTryCatch" "tryCatchOne" "tryCatchList" "tryCatch" "withCallingHandlers" ".rs.callAs" "install.packages" 
"FUN" "lapply" "f" "available.packages" "original" "f" "doTryCatch" "tryCatchOne" "tryCatchList" "tryCatch" "withCallingHandlers" ".rs.callAs" "install.packages" 
"grepl" "FUN" "lapply" "f" "available.packages" "original" "f" "doTryCatch" "tryCatchOne" "tryCatchList" "tryCatch" "withCallingHandlers" ".rs.callAs" "install.packages" 
"grepl" ".make_numeric_version" "numeric_version" "as.numeric_version" "Ops.numeric_version" ">=" "do.call" "f" "available.packages" "original" "f" "doTryCatch" "tryCatchOne" "tryCatchList" "tryCatch" "withCallingHandlers" ".rs.callAs" "install.packages" 
"sprintf" "FUN" "lapply" ".encode_numeric_version" "split" "Ops.numeric_version" ">=" "do.call" "f" "available.packages" "original" "f" "doTryCatch" "tryCatchOne" "tryCatchList" "tryCatch" "withCallingHandlers" ".rs.callAs" "install.packages" 
".encode_numeric_version" "split" "Ops.numeric_version" ">=" "do.call" "f" "available.packages" "original" "f" "doTryCatch" "tryCatchOne" "tryCatchList" "tryCatch" "withCallingHandlers" ".rs.callAs" "install.packages" 
"paste" "FUN" "vapply" ".encode_numeric_version" "split" "Ops.numeric_version" ">=" "do.call" "f" "available.packages" "original" "f" "doTryCatch" "tryCatchOne" "tryCatchList" "tryCatch" "withCallingHandlers" ".rs.callAs" "install.packages" 
"strlpad" "paste" "FUN" "vapply" ".encode_numeric_version" "split" "Ops.numeric_version" ">=" "do.call" "f" "available.packages" "original" "f" "doTryCatch" "tryCatchOne" "tryCatchList" "tryCatch" "withCallingHandlers" ".rs.callAs" "install.packages" 
".External" "download.file" "doTryCatch" "tryCatchOne" "tryCatchList" "tryCatch" "available.packages" "original" "f" "doTryCatch" "tryCatchOne" "tryCatchList" "tryCatch" "withCallingHandlers" ".rs.callAs" "install.packages" 
".External" "download.file" "doTryCatch" "tryCatchOne" "tryCatchList" "tryCatch" "available.packages" "original" "f" "doTryCatch" "tryCatchOne" "tryCatchList" "tryCatch" "withCallingHandlers" ".rs.callAs" "install.packages" 
".External" "download.file" "doTryCatch" "tryCatchOne" "tryCatchList" "tryCatch" "available.packages" "original" "f" "doTryCatch" "tryCatchOne" "tryCatchList" "tryCatch" "withCallingHandlers" ".rs.callAs" "install.packages" 
".External" "download.file" "doTryCatch" "tryCatchOne" "tryCatchList" "tryCatch" "available.packages" "original" "f" "doTryCatch" "tryCatchOne" "tryCatchList" "tryCatch" "withCallingHandlers" ".rs.callAs" "install.packages" 
".External" "download.file" "doTryCatch" "tryCatchOne" "tryCatchList" "tryCatch" "available.packages" "original" "f" "doTryCatch" "tryCatchOne" "tryCatchList" "tryCatch" "withCallingHandlers" ".rs.callAs" "install.packages" 
".External" "download.file" "doTryCatch" "tryCatchOne" "tryCatchList" "tryCatch" "available.packages" "original" "f" "doTryCatch" "tryCatchOne" "tryCatchList" "tryCatch" "withCallingHandlers" ".rs.callAs" "install.packages" 
".External" "download.file" "doTryCatch" "tryCatchOne" "tryCatchList" "tryCatch" "available.packages" "original" "f" "doTryCatch" "tryCatchOne" "tryCatchList" "tryCatch" "withCallingHandlers" ".rs.callAs" "install.packages" 
"readRDS" "doTryCatch" "tryCatchOne" "tryCatchList" "tryCatch" "available.packages" "original" "f" "doTryCatch" "tryCatchOne" "tryCatchList" "tryCatch" "withCallingHandlers" ".rs.callAs" "install.packages" 
"readRDS" "doTryCatch" "tryCatchOne" "tryCatchList" "tryCatch" "available.packages" "original" "f" "doTryCatch" "tryCatchOne" "tryCatchList" "tryCatch" "withCallingHandlers" ".rs.callAs" "install.packages" 
"readRDS" "doTryCatch" "tryCatchOne" "tryCatchList" "tryCatch" "available.packages" "original" "f" "doTryCatch" "tryCatchOne" "tryCatchList" "tryCatch" "withCallingHandlers" ".rs.callAs" "install.packages" 
"readRDS" "doTryCatch" "tryCatchOne" "tryCatchList" "tryCatch" "available.packages" "original" "f" "doTryCatch" "tryCatchOne" "tryCatchList" "tryCatch" "withCallingHandlers" ".rs.callAs" "install.packages" 
"readRDS" "doTryCatch" "tryCatchOne" "tryCatchList" "tryCatch" "available.packages" "original" "f" "doTryCatch" "tryCatchOne" "tryCatchList" "tryCatch" "withCallingHandlers" ".rs.callAs" "install.packages" 
"cbind" "available.packages" "original" "f" "doTryCatch" "tryCatchOne" "tryCatchList" "tryCatch" "withCallingHandlers" ".rs.callAs" "install.packages" 
"strsplit" "lapply" "f" "available.packages" "original" "f" "doTryCatch" "tryCatchOne" "tryCatchList" "tryCatch" "withCallingHandlers" ".rs.callAs" "install.packages" 
"grepl" "FUN" "lapply" "f" "available.packages" "original" "f" "doTryCatch" "tryCatchOne" "tryCatchList" "tryCatch" "withCallingHandlers" ".rs.callAs" "install.packages" 
"FUN" "lapply" "f" "available.packages" "original" "f" "doTryCatch" "tryCatchOne" "tryCatchList" "tryCatch" "withCallingHandlers" ".rs.callAs" "install.packages" 
"FUN" "lapply" "f" "available.packages" "original" "f" "doTryCatch" "tryCatchOne" "tryCatchList" "tryCatch" "withCallingHandlers" ".rs.callAs" "install.packages" 
"grepl" "FUN" "lapply" "f" "available.packages" "original" "f" "doTryCatch" "tryCatchOne" "tryCatchList" "tryCatch" "withCallingHandlers" ".rs.callAs" "install.packages" 
"grepl" "FUN" "lapply" "f" "available.packages" "original" "f" "doTryCatch" "tryCatchOne" "tryCatchList" "tryCatch" "withCallingHandlers" ".rs.callAs" "install.packages" 
"grepl" ".make_numeric_version" "numeric_version" "as.numeric_version" "Ops.numeric_version" ">=" "do.call" "f" "available.packages" "original" "f" "doTryCatch" "tryCatchOne" "tryCatchList" "tryCatch" "withCallingHandlers" ".rs.callAs" "install.packages" 
"FUN" "lapply" ".encode_numeric_version" "split" "Ops.numeric_version" ">=" "do.call" "f" "available.packages" "original" "f" "doTryCatch" "tryCatchOne" "tryCatchList" "tryCatch" "withCallingHandlers" ".rs.callAs" "install.packages" 
".encode_numeric_version" "split" "Ops.numeric_version" ">=" "do.call" "f" "available.packages" "original" "f" "doTryCatch" "tryCatchOne" "tryCatchList" "tryCatch" "withCallingHandlers" ".rs.callAs" "install.packages" 
"paste0" "strlpad" "paste" "FUN" "vapply" ".encode_numeric_version" "split" "Ops.numeric_version" ">=" "do.call" "f" "available.packages" "original" "f" "doTryCatch" "tryCatchOne" "tryCatchList" "tryCatch" "withCallingHandlers" ".rs.callAs" "install.packages" 
"paste0" "strlpad" "paste" "FUN" "vapply" ".encode_numeric_version" "split" "Ops.numeric_version" ">=" "do.call" "f" "available.packages" "original" "f" "doTryCatch" "tryCatchOne" "tryCatchList" "tryCatch" "withCallingHandlers" ".rs.callAs" "install.packages" 
"strrep" "paste0" "strlpad" "paste" "FUN" "vapply" ".encode_numeric_version" "split" "Ops.numeric_version" ">=" "do.call" "f" "available.packages" "original" "f" "doTryCatch" "tryCatchOne" "tryCatchList" "tryCatch" "withCallingHandlers" ".rs.callAs" "install.packages" 
"FUN" "lapply" "sapply" "f" "available.packages" "original" "f" "doTryCatch" "tryCatchOne" "tryCatchList" "tryCatch" "withCallingHandlers" ".rs.callAs" "install.packages" 
"strsplit" "FUN" "lapply" "unlist" "f" "available.packages" "original" "f" "doTryCatch" "tryCatchOne" "tryCatchList" "tryCatch" "withCallingHandlers" ".rs.callAs" "install.packages" 
"strsplit" "FUN" "lapply" "unlist" "f" "available.packages" "original" "f" "doTryCatch" "tryCatchOne" "tryCatchList" "tryCatch" "withCallingHandlers" ".rs.callAs" "install.packages" 
"unlist" "f" "available.packages" "original" "f" "doTryCatch" "tryCatchOne" "tryCatchList" "tryCatch" "withCallingHandlers" ".rs.callAs" "install.packages" 
".External" "download.file" "doTryCatch" "tryCatchOne" "tryCatchList" "tryCatch" "try" "download.packages" ".install.winbinary" "original" "f" "doTryCatch" "tryCatchOne" "tryCatchList" "tryCatch" "withCallingHandlers" ".rs.callAs" "install.packages" 
".External" "download.file" "doTryCatch" "tryCatchOne" "tryCatchList" "tryCatch" "try" "download.packages" ".install.winbinary" "original" "f" "doTryCatch" "tryCatchOne" "tryCatchList" "tryCatch" "withCallingHandlers" ".rs.callAs" "install.packages" 
".External" "download.file" "doTryCatch" "tryCatchOne" "tryCatchList" "tryCatch" "try" "download.packages" ".install.winbinary" "original" "f" "doTryCatch" "tryCatchOne" "tryCatchList" "tryCatch" "withCallingHandlers" ".rs.callAs" "install.packages" 
".External" "download.file" "doTryCatch" "tryCatchOne" "tryCatchList" "tryCatch" "try" "download.packages" ".install.winbinary" "original" "f" "doTryCatch" "tryCatchOne" "tryCatchList" "tryCatch" "withCallingHandlers" ".rs.callAs" "install.packages" 
".External" "download.file" "doTryCatch" "tryCatchOne" "tryCatchList" "tryCatch" "try" "download.packages" ".install.winbinary" "original" "f" "doTryCatch" "tryCatchOne" "tryCatchList" "tryCatch" "withCallingHandlers" ".rs.callAs" "install.packages" 
".External" "download.file" "doTryCatch" "tryCatchOne" "tryCatchList" "tryCatch" "try" "download.packages" ".install.winbinary" "original" "f" "doTryCatch" "tryCatchOne" "tryCatchList" "tryCatch" "withCallingHandlers" ".rs.callAs" "install.packages" 
".External" "download.file" "doTryCatch" "tryCatchOne" "tryCatchList" "tryCatch" "try" "download.packages" ".install.winbinary" "original" "f" "doTryCatch" "tryCatchOne" "tryCatchList" "tryCatch" "withCallingHandlers" ".rs.callAs" "install.packages" 
".External" "download.file" "doTryCatch" "tryCatchOne" "tryCatchList" "tryCatch" "try" "download.packages" ".install.winbinary" "original" "f" "doTryCatch" "tryCatchOne" "tryCatchList" "tryCatch" "withCallingHandlers" ".rs.callAs" "install.packages" 
".External" "download.file" "doTryCatch" "tryCatchOne" "tryCatchList" "tryCatch" "try" "download.packages" ".install.winbinary" "original" "f" "doTryCatch" "tryCatchOne" "tryCatchList" "tryCatch" "withCallingHandlers" ".rs.callAs" "install.packages" 
".External" "download.file" "doTryCatch" "tryCatchOne" "tryCatchList" "tryCatch" "try" "download.packages" ".install.winbinary" "original" "f" "doTryCatch" "tryCatchOne" "tryCatchList" "tryCatch" "withCallingHandlers" ".rs.callAs" "install.packages" 
".External" "download.file" "doTryCatch" "tryCatchOne" "tryCatchList" "tryCatch" "try" "download.packages" ".install.winbinary" "original" "f" "doTryCatch" "tryCatchOne" "tryCatchList" "tryCatch" "withCallingHandlers" ".rs.callAs" "install.packages" 
".External" "download.file" "doTryCatch" "tryCatchOne" "tryCatchList" "tryCatch" "try" "download.packages" ".install.winbinary" "original" "f" "doTryCatch" "tryCatchOne" "tryCatchList" "tryCatch" "withCallingHandlers" ".rs.callAs" "install.packages" 
".External" "download.file" "doTryCatch" "tryCatchOne" "tryCatchList" "tryCatch" "try" "download.packages" ".install.winbinary" "original" "f" "doTryCatch" "tryCatchOne" "tryCatchList" "tryCatch" "withCallingHandlers" ".rs.callAs" "install.packages" 
".External" "download.file" "doTryCatch" "tryCatchOne" "tryCatchList" "tryCatch" "try" "download.packages" ".install.winbinary" "original" "f" "doTryCatch" "tryCatchOne" "tryCatchList" "tryCatch" "withCallingHandlers" ".rs.callAs" "install.packages" 
".External" "download.file" "doTryCatch" "tryCatchOne" "tryCatchList" "tryCatch" "try" "download.packages" ".install.winbinary" "original" "f" "doTryCatch" "tryCatchOne" "tryCatchList" "tryCatch" "withCallingHandlers" ".rs.callAs" "install.packages" 
".External" "download.file" "doTryCatch" "tryCatchOne" "tryCatchList" "tryCatch" "try" "download.packages" ".install.winbinary" "original" "f" "doTryCatch" "tryCatchOne" "tryCatchList" "tryCatch" "withCallingHandlers" ".rs.callAs" "install.packages" 
".External" "download.file" "doTryCatch" "tryCatchOne" "tryCatchList" "tryCatch" "try" "download.packages" ".install.winbinary" "original" "f" "doTryCatch" "tryCatchOne" "tryCatchList" "tryCatch" "withCallingHandlers" ".rs.callAs" "install.packages" 
".External" "download.file" "doTryCatch" "tryCatchOne" "tryCatchList" "tryCatch" "try" "download.packages" ".install.winbinary" "original" "f" "doTryCatch" "tryCatchOne" "tryCatchList" "tryCatch" "withCallingHandlers" ".rs.callAs" "install.packages" 
".External" "download.file" "doTryCatch" "tryCatchOne" "tryCatchList" "tryCatch" "try" "download.packages" ".install.winbinary" "original" "f" "doTryCatch" "tryCatchOne" "tryCatchList" "tryCatch" "withCallingHandlers" ".rs.callAs" "install.packages" 
".External" "download.file" "doTryCatch" "tryCatchOne" "tryCatchList" "tryCatch" "try" "download.packages" ".install.winbinary" "original" "f" "doTryCatch" "tryCatchOne" "tryCatchList" "tryCatch" "withCallingHandlers" ".rs.callAs" "install.packages" 
".External" "download.file" "doTryCatch" "tryCatchOne" "tryCatchList" "tryCatch" "try" "download.packages" ".install.winbinary" "original" "f" "doTryCatch" "tryCatchOne" "tryCatchList" "tryCatch" "withCallingHandlers" ".rs.callAs" "install.packages" 
".External" "download.file" "doTryCatch" "tryCatchOne" "tryCatchList" "tryCatch" "try" "download.packages" ".install.winbinary" "original" "f" "doTryCatch" "tryCatchOne" "tryCatchList" "tryCatch" "withCallingHandlers" ".rs.callAs" "install.packages" 
".External" "download.file" "doTryCatch" "tryCatchOne" "tryCatchList" "tryCatch" "try" "download.packages" ".install.winbinary" "original" "f" "doTryCatch" "tryCatchOne" "tryCatchList" "tryCatch" "withCallingHandlers" ".rs.callAs" "install.packages" 
".External" "download.file" "doTryCatch" "tryCatchOne" "tryCatchList" "tryCatch" "try" "download.packages" ".install.winbinary" "original" "f" "doTryCatch" "tryCatchOne" "tryCatchList" "tryCatch" "withCallingHandlers" ".rs.callAs" "install.packages" 
".External" "download.file" "doTryCatch" "tryCatchOne" "tryCatchList" "tryCatch" "try" "download.packages" ".install.winbinary" "original" "f" "doTryCatch" "tryCatchOne" "tryCatchList" "tryCatch" "withCallingHandlers" ".rs.callAs" "install.packages" 
".External" "download.file" "doTryCatch" "tryCatchOne" "tryCatchList" "tryCatch" "try" "download.packages" ".install.winbinary" "original" "f" "doTryCatch" "tryCatchOne" "tryCatchList" "tryCatch" "withCallingHandlers" ".rs.callAs" "install.packages" 
".External" "download.file" "doTryCatch" "tryCatchOne" "tryCatchList" "tryCatch" "try" "download.packages" ".install.winbinary" "original" "f" "doTryCatch" "tryCatchOne" "tryCatchList" "tryCatch" "withCallingHandlers" ".rs.callAs" "install.packages" 
".External" "download.file" "doTryCatch" "tryCatchOne" "tryCatchList" "tryCatch" "try" "download.packages" ".install.winbinary" "original" "f" "doTryCatch" "tryCatchOne" "tryCatchList" "tryCatch" "withCallingHandlers" ".rs.callAs" "install.packages" 
".External" "download.file" "doTryCatch" "tryCatchOne" "tryCatchList" "tryCatch" "try" "download.packages" ".install.winbinary" "original" "f" "doTryCatch" "tryCatchOne" "tryCatchList" "tryCatch" "withCallingHandlers" ".rs.callAs" "install.packages" 
".External" "download.file" "doTryCatch" "tryCatchOne" "tryCatchList" "tryCatch" "try" "download.packages" ".install.winbinary" "original" "f" "doTryCatch" "tryCatchOne" "tryCatchList" "tryCatch" "withCallingHandlers" ".rs.callAs" "install.packages" 
".External" "download.file" "doTryCatch" "tryCatchOne" "tryCatchList" "tryCatch" "try" "download.packages" ".install.winbinary" "original" "f" "doTryCatch" "tryCatchOne" "tryCatchList" "tryCatch" "withCallingHandlers" ".rs.callAs" "install.packages" 
".External" "download.file" "doTryCatch" "tryCatchOne" "tryCatchList" "tryCatch" "try" "download.packages" ".install.winbinary" "original" "f" "doTryCatch" "tryCatchOne" "tryCatchList" "tryCatch" "withCallingHandlers" ".rs.callAs" "install.packages" 
".External" "download.file" "doTryCatch" "tryCatchOne" "tryCatchList" "tryCatch" "try" "download.packages" ".install.winbinary" "original" "f" "doTryCatch" "tryCatchOne" "tryCatchList" "tryCatch" "withCallingHandlers" ".rs.callAs" "install.packages" 
".External" "download.file" "doTryCatch" "tryCatchOne" "tryCatchList" "tryCatch" "try" "download.packages" ".install.winbinary" "original" "f" "doTryCatch" "tryCatchOne" "tryCatchList" "tryCatch" "withCallingHandlers" ".rs.callAs" "install.packages" 
".External" "download.file" "doTryCatch" "tryCatchOne" "tryCatchList" "tryCatch" "try" "download.packages" ".install.winbinary" "original" "f" "doTryCatch" "tryCatchOne" "tryCatchList" "tryCatch" "withCallingHandlers" ".rs.callAs" "install.packages" 
".External" "download.file" "doTryCatch" "tryCatchOne" "tryCatchList" "tryCatch" "try" "download.packages" ".install.winbinary" "original" "f" "doTryCatch" "tryCatchOne" "tryCatchList" "tryCatch" "withCallingHandlers" ".rs.callAs" "install.packages" 
".External" "download.file" "doTryCatch" "tryCatchOne" "tryCatchList" "tryCatch" "try" "download.packages" ".install.winbinary" "original" "f" "doTryCatch" "tryCatchOne" "tryCatchList" "tryCatch" "withCallingHandlers" ".rs.callAs" "install.packages" 
".External" "download.file" "doTryCatch" "tryCatchOne" "tryCatchList" "tryCatch" "try" "download.packages" ".install.winbinary" "original" "f" "doTryCatch" "tryCatchOne" "tryCatchList" "tryCatch" "withCallingHandlers" ".rs.callAs" "install.packages" 
".External" "download.file" "doTryCatch" "tryCatchOne" "tryCatchList" "tryCatch" "try" "download.packages" ".install.winbinary" "original" "f" "doTryCatch" "tryCatchOne" "tryCatchList" "tryCatch" "withCallingHandlers" ".rs.callAs" "install.packages" 
".External" "download.file" "doTryCatch" "tryCatchOne" "tryCatchList" "tryCatch" "try" "download.packages" ".install.winbinary" "original" "f" "doTryCatch" "tryCatchOne" "tryCatchList" "tryCatch" "withCallingHandlers" ".rs.callAs" "install.packages" 
".External" "download.file" "doTryCatch" "tryCatchOne" "tryCatchList" "tryCatch" "try" "download.packages" ".install.winbinary" "original" "f" "doTryCatch" "tryCatchOne" "tryCatchList" "tryCatch" "withCallingHandlers" ".rs.callAs" "install.packages" 
".External" "download.file" "doTryCatch" "tryCatchOne" "tryCatchList" "tryCatch" "try" "download.packages" ".install.winbinary" "original" "f" "doTryCatch" "tryCatchOne" "tryCatchList" "tryCatch" "withCallingHandlers" ".rs.callAs" "install.packages" 
".External" "download.file" "doTryCatch" "tryCatchOne" "tryCatchList" "tryCatch" "try" "download.packages" ".install.winbinary" "original" "f" "doTryCatch" "tryCatchOne" "tryCatchList" "tryCatch" "withCallingHandlers" ".rs.callAs" "install.packages" 
".External" "download.file" "doTryCatch" "tryCatchOne" "tryCatchList" "tryCatch" "try" "download.packages" ".install.winbinary" "original" "f" "doTryCatch" "tryCatchOne" "tryCatchList" "tryCatch" "withCallingHandlers" ".rs.callAs" "install.packages" 
".External" "unzip" ".zip.unpack" "unpackPkgZip" ".install.winbinary" "original" "f" "doTryCatch" "tryCatchOne" "tryCatchList" "tryCatch" "withCallingHandlers" ".rs.callAs" "install.packages" 
".External" "unzip" ".zip.unpack" "unpackPkgZip" ".install.winbinary" "original" "f" "doTryCatch" "tryCatchOne" "tryCatchList" "tryCatch" "withCallingHandlers" ".rs.callAs" "install.packages" 
".External" "unzip" ".zip.unpack" "unpackPkgZip" ".install.winbinary" "original" "f" "doTryCatch" "tryCatchOne" "tryCatchList" "tryCatch" "withCallingHandlers" ".rs.callAs" "install.packages" 
".External" "unzip" ".zip.unpack" "unpackPkgZip" ".install.winbinary" "original" "f" "doTryCatch" "tryCatchOne" "tryCatchList" "tryCatch" "withCallingHandlers" ".rs.callAs" "install.packages" 
"structure" "md5sum" "tools::checkMD5sums" "unpackPkgZip" ".install.winbinary" "original" "f" "doTryCatch" "tryCatchOne" "tryCatchList" "tryCatch" "withCallingHandlers" ".rs.callAs" "install.packages" 
"Sys.sleep" "unpackPkgZip" ".install.winbinary" "original" "f" "doTryCatch" "tryCatchOne" "tryCatchList" "tryCatch" "withCallingHandlers" ".rs.callAs" "install.packages" 
"Sys.sleep" "unpackPkgZip" ".install.winbinary" "original" "f" "doTryCatch" "tryCatchOne" "tryCatchList" "tryCatch" "withCallingHandlers" ".rs.callAs" "install.packages" 
"Sys.sleep" "unpackPkgZip" ".install.winbinary" "original" "f" "doTryCatch" "tryCatchOne" "tryCatchList" "tryCatch" "withCallingHandlers" ".rs.callAs" "install.packages" 
"Sys.sleep" "unpackPkgZip" ".install.winbinary" "original" "f" "doTryCatch" "tryCatchOne" "tryCatchList" "tryCatch" "withCallingHandlers" ".rs.callAs" "install.packages" 
"Sys.sleep" "unpackPkgZip" ".install.winbinary" "original" "f" "doTryCatch" "tryCatchOne" "tryCatchList" "tryCatch" "withCallingHandlers" ".rs.callAs" "install.packages" 
"Sys.sleep" "unpackPkgZip" ".install.winbinary" "original" "f" "doTryCatch" "tryCatchOne" "tryCatchList" "tryCatch" "withCallingHandlers" ".rs.callAs" "install.packages" 
"Sys.sleep" "unpackPkgZip" ".install.winbinary" "original" "f" "doTryCatch" "tryCatchOne" "tryCatchList" "tryCatch" "withCallingHandlers" ".rs.callAs" "install.packages" 
"Sys.sleep" "unpackPkgZip" ".install.winbinary" "original" "f" "doTryCatch" "tryCatchOne" "tryCatchList" "tryCatch" "withCallingHandlers" ".rs.callAs" "install.packages" 
"Sys.sleep" "unpackPkgZip" ".install.winbinary" "original" "f" "doTryCatch" "tryCatchOne" "tryCatchList" "tryCatch" "withCallingHandlers" ".rs.callAs" "install.packages" 
"Sys.sleep" "unpackPkgZip" ".install.winbinary" "original" "f" "doTryCatch" "tryCatchOne" "tryCatchList" "tryCatch" "withCallingHandlers" ".rs.callAs" "install.packages" 
"Sys.sleep" "unpackPkgZip" ".install.winbinary" "original" "f" "doTryCatch" "tryCatchOne" "tryCatchList" "tryCatch" "withCallingHandlers" ".rs.callAs" "install.packages" 
"Sys.sleep" "unpackPkgZip" ".install.winbinary" "original" "f" "doTryCatch" "tryCatchOne" "tryCatchList" "tryCatch" "withCallingHandlers" ".rs.callAs" "install.packages" 
"Sys.sleep" "unpackPkgZip" ".install.winbinary" "original" "f" "doTryCatch" "tryCatchOne" "tryCatchList" "tryCatch" "withCallingHandlers" ".rs.callAs" "install.packages" 
"Sys.sleep" "unpackPkgZip" ".install.winbinary" "original" "f" "doTryCatch" "tryCatchOne" "tryCatchList" "tryCatch" "withCallingHandlers" ".rs.callAs" "install.packages" 
"Sys.sleep" "unpackPkgZip" ".install.winbinary" "original" "f" "doTryCatch" "tryCatchOne" "tryCatchList" "tryCatch" "withCallingHandlers" ".rs.callAs" "install.packages" 
"Sys.sleep" "unpackPkgZip" ".install.winbinary" "original" "f" "doTryCatch" "tryCatchOne" "tryCatchList" "tryCatch" "withCallingHandlers" ".rs.callAs" "install.packages" 
"Sys.sleep" "unpackPkgZip" ".install.winbinary" "original" "f" "doTryCatch" "tryCatchOne" "tryCatchList" "tryCatch" "withCallingHandlers" ".rs.callAs" "install.packages" 
"Sys.sleep" "unpackPkgZip" ".install.winbinary" "original" "f" "doTryCatch" "tryCatchOne" "tryCatchList" "tryCatch" "withCallingHandlers" ".rs.callAs" "install.packages" 
"Sys.sleep" "unpackPkgZip" ".install.winbinary" "original" "f" "doTryCatch" "tryCatchOne" "tryCatchList" "tryCatch" "withCallingHandlers" ".rs.callAs" "install.packages" 
"Sys.sleep" "unpackPkgZip" ".install.winbinary" "original" "f" "doTryCatch" "tryCatchOne" "tryCatchList" "tryCatch" "withCallingHandlers" ".rs.callAs" "install.packages" 
"Sys.sleep" "unpackPkgZip" ".install.winbinary" "original" "f" "doTryCatch" "tryCatchOne" "tryCatchList" "tryCatch" "withCallingHandlers" ".rs.callAs" "install.packages" 
"Sys.sleep" "unpackPkgZip" ".install.winbinary" "original" "f" "doTryCatch" "tryCatchOne" "tryCatchList" "tryCatch" "withCallingHandlers" ".rs.callAs" "install.packages" 
"Sys.sleep" "unpackPkgZip" ".install.winbinary" "original" "f" "doTryCatch" "tryCatchOne" "tryCatchList" "tryCatch" "withCallingHandlers" ".rs.callAs" "install.packages" 
"Sys.sleep" "unpackPkgZip" ".install.winbinary" "original" "f" "doTryCatch" "tryCatchOne" "tryCatchList" "tryCatch" "withCallingHandlers" ".rs.callAs" "install.packages" 
"Sys.sleep" "unpackPkgZip" ".install.winbinary" "original" "f" "doTryCatch" "tryCatchOne" "tryCatchList" "tryCatch" "withCallingHandlers" ".rs.callAs" "install.packages" 
"file.rename" "unpackPkgZip" ".install.winbinary" "original" "f" "doTryCatch" "tryCatchOne" "tryCatchList" "tryCatch" "withCallingHandlers" ".rs.callAs" "install.packages" 
"file.rename" "unpackPkgZip" ".install.winbinary" "original" "f" "doTryCatch" "tryCatchOne" "tryCatchList" "tryCatch" "withCallingHandlers" ".rs.callAs" "install.packages" 
"file.rename" "unpackPkgZip" ".install.winbinary" "original" "f" "doTryCatch" "tryCatchOne" "tryCatchList" "tryCatch" "withCallingHandlers" ".rs.callAs" "install.packages" 
"findCenvVar" "getInlineInfo" "isBaseVar" "FUN" "lapply" "unlist" "Filter" "findLocalsList" "funEnv" "make.functionContext" "h" "tryInline" "cmpCall" "cmp" "genCode" "h" "tryInline" "cmpCall" "cmp" "cmpSymbolAssign" "h" "tryInline" "cmpCall" "cmp" "h" "tryInline" "cmpCall" "cmp" "genCode" "cmpfun" "doTryCatch" "tryCatchOne" "tryCatchList" "tryCatch" "compiler:::tryCmpfun" ".rs.updatePackageEvents" "f" "doTryCatch" "tryCatchOne" "tryCatchList" "tryCatch" "withCallingHandlers" ".rs.callAs" "install.packages" 
"$" "findCenvVar" "findVar" "cmpSym" "cmp" "genCode" "cb$putconst" "cmpCallArgs" "cmpCallSymFun" "cmpCall" "cmp" "genCode" "cb$putconst" "cmpCallArgs" "cmpCallSymFun" "cmpCall" "cmp" "h" "tryInline" "cmpCall" "cmp" "h" "tryInline" "cmpCall" "cmp" "h" "tryInline" "cmpCall" "cmp" "genCode" "h" "tryInline" "cmpCall" "cmp" "genCode" "cb$putconst" "cmpCallArgs" "cmpCallSymFun" "cmpCall" "cmp" "h" "tryInline" "cmpCall" "cmp" "genCode" "cmpfun" "doTryCatch" "tryCatchOne" "tryCatchList" "tryCatch" "compiler:::tryCmpfun" ".rs.updatePackageEvents" "f" "doTryCatch" "tryCatchOne" "tryCatchList" "tryCatch" "withCallingHandlers" ".rs.callAs" "install.packages" 
"length" "apply" "find.package" "system.file" "library" "withCallingHandlers" "suppressWarnings" "<Anonymous>" ".Call" "f" "doTryCatch" "tryCatchOne" "tryCatchList" "tryCatch" "withCallingHandlers" ".rs.callAs" "install.packages" 
"gzfile" "readRDS" "library" "withCallingHandlers" "suppressWarnings" "<Anonymous>" ".Call" "f" "doTryCatch" "tryCatchOne" "tryCatchList" "tryCatch" "withCallingHandlers" ".rs.callAs" "install.packages" 
"file.path" "file.exists" "find.package" "system.file" "library" "withCallingHandlers" "suppressWarnings" "<Anonymous>" ".Call" "f" "doTryCatch" "tryCatchOne" "tryCatchList" "tryCatch" "withCallingHandlers" ".rs.callAs" "install.packages" 
"file.path" "find.package" "system.file" "library" "withCallingHandlers" "suppressWarnings" "<Anonymous>" ".Call" "f" "doTryCatch" "tryCatchOne" "tryCatchList" "tryCatch" "withCallingHandlers" ".rs.callAs" "install.packages" 
"readRDS" "library" "withCallingHandlers" "suppressWarnings" "<Anonymous>" ".Call" "f" "doTryCatch" "tryCatchOne" "tryCatchList" "tryCatch" "withCallingHandlers" ".rs.callAs" "install.packages" 
"normalizePath" "match" "<Anonymous>" ".Call" "f" "doTryCatch" "tryCatchOne" "tryCatchList" "tryCatch" "withCallingHandlers" ".rs.callAs" "install.packages" 
"file.access" ".readPkgDesc" "installed.packages" "as.data.frame" "<Anonymous>" ".Call" "f" "doTryCatch" "tryCatchOne" "tryCatchList" "tryCatch" "withCallingHandlers" ".rs.callAs" "install.packages" 
"readRDS" "doTryCatch" "tryCatchOne" "tryCatchList" "tryCatch" "try" ".readPkgDesc" "installed.packages" "as.data.frame" "<Anonymous>" ".Call" "f" "doTryCatch" "tryCatchOne" "tryCatchList" "tryCatch" "withCallingHandlers" ".rs.callAs" "install.packages" 
".Call" "f" "doTryCatch" "tryCatchOne" "tryCatchList" "tryCatch" "withCallingHandlers" ".rs.callAs" "install.packages" 
"inDL" "dyn.load" "library.dynam" "loadNamespace" "doTryCatch" "tryCatchOne" "tryCatchList" "tryCatch" "library" 
"find.package" "system.file" "library" "withCallingHandlers" "suppressWarnings" "<Anonymous>" 
"gzfile" "readRDS" "FUN" "lapply" "find.package" "system.file" "library" "withCallingHandlers" "suppressWarnings" "<Anonymous>" 
"gzfile" "readRDS" "library" "withCallingHandlers" "suppressWarnings" "<Anonymous>" 
"file.path" "find.package" "system.file" "library" "withCallingHandlers" "suppressWarnings" "<Anonymous>" 
"sys.call" "%in%" "[[.data.frame" "[[" "$.data.frame" "$" ".rs.packageVersion" "<Anonymous>" 
"[[" "[.data.frame" "[" "subset.data.frame" "subset" ".rs.packageVersion" "<Anonymous>" 
"ls" "FUN" "lapply" ".rs.objectsOnSearchPath" ".rs.getCompletionsSearchPath" "Reduce" "<Anonymous>" 
"ls" "FUN" "lapply" ".rs.objectsOnSearchPath" ".rs.getCompletionsSearchPath" "Reduce" "<Anonymous>" 
"tolower" "nchar" ".rs.startsWith" ".rs.fuzzyMatches" ".rs.getCompletionsSearchPath" "Reduce" "<Anonymous>" 
"ls" "FUN" "lapply" ".rs.objectsOnSearchPath" ".rs.getCompletionsSearchPath" "Reduce" "<Anonymous>" 
"ls" "FUN" "lapply" ".rs.objectsOnSearchPath" ".rs.getCompletionsSearchPath" "Reduce" "<Anonymous>" 
"ls" "FUN" "lapply" ".rs.objectsOnSearchPath" ".rs.getCompletionsSearchPath" "Reduce" "<Anonymous>" 
"Reduce" ".rs.getCompletionsPackages" "Reduce" "<Anonymous>" 
"ls" "FUN" "lapply" ".rs.objectsOnSearchPath" ".rs.getCompletionsSearchPath" "Reduce" "<Anonymous>" 
"ls" "FUN" "lapply" ".rs.objectsOnSearchPath" ".rs.getCompletionsSearchPath" "Reduce" "<Anonymous>" 
"tolower" "nchar" ".rs.startsWith" ".rs.fuzzyMatches" ".rs.getCompletionsSearchPath" "Reduce" "<Anonymous>" 
"ls" "FUN" "lapply" ".rs.objectsOnSearchPath" ".rs.getCompletionsSearchPath" "Reduce" "<Anonymous>" 
"tolower" "nchar" ".rs.startsWith" ".rs.fuzzyMatches" ".rs.getCompletionsSearchPath" "Reduce" "<Anonymous>" 
"ls" "FUN" "lapply" ".rs.objectsOnSearchPath" ".rs.getCompletionsSearchPath" "Reduce" "<Anonymous>" 
"ls" "FUN" "lapply" ".rs.objectsOnSearchPath" ".rs.getCompletionsSearchPath" "Reduce" "<Anonymous>" 
"ls" "FUN" "lapply" ".rs.objectsOnSearchPath" ".rs.getCompletionsSearchPath" "Reduce" "<Anonymous>" 
"ls" "FUN" "lapply" ".rs.objectsOnSearchPath" ".rs.getCompletionsSearchPath" "Reduce" "<Anonymous>" 
"lazyLoadDBfetch" "get" "inherits" ".rs.getCompletionType" "doTryCatch" "tryCatchOne" "tryCatchList" "tryCatch" "FUN" "vapply" ".rs.getCompletionsSearchPath" "Reduce" "<Anonymous>" 
"getExportedValue" "::" "formals" "as.list" ".rs.getHelpFromObject" ".rs.getHelpFunction" "<Anonymous>" 
"psub" "htmlify" "isBlankLineRd" "addParaBreaks" "writeLines" "writeLinesUTF8" "of1" "writeBlock" "writeContent" "writeSection" "Rd2HTML" "tools:::httpd" "withCallingHandlers" "suppressWarnings" ".rs.getHelp" ".rs.getHelpFromObject" ".rs.getHelpFunction" "<Anonymous>" 
"ls" "FUN" "lapply" ".rs.objectsOnSearchPath" ".rs.getCompletionsSearchPath" "Reduce" "<Anonymous>" 
"gsub" ".rs.fuzzyMatches" ".rs.getCompletionsSearchPath" "Reduce" "<Anonymous>" 
"mayCallBrowser" "mayCallBrowserList" "mayCallBrowser" "mayCallBrowserList" "mayCallBrowser" "mayCallBrowserList" "mayCallBrowser" "mayCallBrowserList" "mayCallBrowser" "cmpfun" "doTryCatch" "tryCatchOne" "tryCatchList" "tryCatch" "compiler:::tryCmpfun" ".rs.getDollarNamesMethod" ".rs.getCompletionsDollar" "<Anonymous>" 
"paste" "sub" ".rs.doStripSurrounding" ".rs.stripSurrounding" ".rs.getAnywhere" "doTryCatch" "tryCatchOne" "tryCatchList" "tryCatch" ".rs.blackListEvaluationDataTable" ".rs.blackListEvaluation" ".rs.getCompletionsDollar" "<Anonymous>" 
"ls" "FUN" "lapply" ".rs.objectsOnSearchPath" ".rs.getCompletionsSearchPath" "Reduce" "<Anonymous>" 
"ls" "FUN" "lapply" ".rs.objectsOnSearchPath" ".rs.getCompletionsSearchPath" "Reduce" "<Anonymous>" 
"list.dirs" ".rs.listDirs" "FUN" "lapply" "Reduce" ".rs.getCompletionsPackages" "Reduce" "<Anonymous>" 
"FUN" "vapply" ".rs.formCompletionVector" ".rs.makeCompletions" "doTryCatch" "tryCatchOne" "tryCatchList" "tryCatch" ".rs.blackListEvaluationDataTable" ".rs.blackListEvaluation" ".rs.getCompletionsSingleBracket" ".rs.appendCompletions" ".rs.getRCompletions" ".rs.appendCompletions" "<Anonymous>" 
"ls" "FUN" "lapply" ".rs.objectsOnSearchPath" ".rs.getCompletionsSearchPath" "Reduce" "<Anonymous>" 
"formObj" "cat" "str.default" "str" "<Anonymous>" "do.call" "strSub" "str.default" "NextMethod" "str.data.frame" "str" "doTryCatch" "tryCatchOne" "tryCatchList" "tryCatch" "try" "eval" "eval" "withVisible" "evalVis" "capture.output" "eval" "doTryCatch" "tryCatchOne" "tryCatchList" "tryCatch" ".rs.withTimeLimit" ".rs.valueFromStr" "doTryCatch" "tryCatchOne" "tryCatchList" "tryCatch" ".rs.valueContents" "<Anonymous>" 
".rs.scalar" ".rs.makeCompletions" "doTryCatch" "tryCatchOne" "tryCatchList" "tryCatch" ".rs.blackListEvaluationDataTable" ".rs.blackListEvaluation" ".rs.getCompletionsDollar" "<Anonymous>" 
".rs.formCompletionVector" ".rs.makeCompletions" ".rs.emptyCompletions" ".rs.getCompletionsSingleBracket" ".rs.appendCompletions" ".rs.getRCompletions" ".rs.appendCompletions" "<Anonymous>" 
"ls" "FUN" "lapply" ".rs.objectsOnSearchPath" ".rs.getCompletionsSearchPath" "Reduce" "<Anonymous>" 
"sys.parent" "sys.function" "match.call" "stopifnot" "modifyList" "str.default" "str" "<Anonymous>" "do.call" "strSub" "str.default" "NextMethod" "str.data.frame" "str" "doTryCatch" "tryCatchOne" "tryCatchList" "tryCatch" "try" "eval" "eval" "withVisible" "evalVis" "capture.output" "eval" "doTryCatch" "tryCatchOne" "tryCatchList" "tryCatch" ".rs.withTimeLimit" ".rs.valueFromStr" "doTryCatch" "tryCatchOne" "tryCatchList" "tryCatch" ".rs.valueContents" "<Anonymous>" 
"doTryCatch" "tryCatchOne" "tryCatchList" "tryCatch" ".rs.valueDescription" "<Anonymous>" 
"ls" "FUN" "lapply" ".rs.objectsOnSearchPath" ".rs.getCompletionsSearchPath" "Reduce" "<Anonymous>" 
"ls" "FUN" "lapply" ".rs.objectsOnSearchPath" ".rs.getCompletionsSearchPath" "Reduce" "<Anonymous>" 
"list.dirs" ".rs.listDirs" "FUN" "lapply" "Reduce" ".rs.getCompletionsPackages" "Reduce" "<Anonymous>" 
"getNamespace" "asNamespace" "getExportedValue" "::" 
"pmatch" ".deparseOpts" "deparse" "mode" "%in%" "deparse" "mode" "%in%" "deparse" "value[[3]]" "tryCatchOne" "tryCatchList" "tryCatch" "base::try" 
"mode" "%in%" "deparse" "mode" "%in%" "deparse" "mode" "%in%" "deparse" "value[[3]]" "tryCatchOne" "tryCatchList" "tryCatch" "base::try" 
"::" 
"getNamespace" "asNamespace" "getExportedValue" "::" 
"ls" "FUN" "lapply" ".rs.objectsOnSearchPath" ".rs.getCompletionsSearchPath" "Reduce" "<Anonymous>" 
"tolower" "nchar" ".rs.startsWith" ".rs.fuzzyMatches" ".rs.getCompletionsSearchPath" "Reduce" "<Anonymous>" 
"doTryCatch" "tryCatchOne" "tryCatchList" "tryCatch" "base::try" 
"tryCatchOne" "tryCatchList" "tryCatch" "base::try" 
"%in%" "deparse" "mode" "%in%" "deparse" "mode" "%in%" "deparse" "value[[3